[debug] [2026-04-01T05:34:07.117Z] ----------------------------------------------------------------------
[debug] [2026-04-01T05:34:07.123Z] Command:       C:\Program Files\nodejs\node.exe C:\Program Files\nodejs\node_modules\firebase-tools\lib\bin\firebase.js init
[debug] [2026-04-01T05:34:07.124Z] CLI Version:   15.12.0
[debug] [2026-04-01T05:34:07.124Z] Platform:      win32
[debug] [2026-04-01T05:34:07.124Z] Node Version:  v22.1.0
[debug] [2026-04-01T05:34:07.124Z] Time:          Wed Apr 01 2026 01:34:07 GMT-0400 (Eastern Daylight Saving Time)
[debug] [2026-04-01T05:34:07.124Z] ----------------------------------------------------------------------
[debug] 
[info] 
     ######## #### ########  ######## ########     ###     ######  ########
     ##        ##  ##     ## ##       ##     ##  ##   ##  ##       ##
     ######    ##  ########  ######   ########  #########  ######  ######
     ##        ##  ##    ##  ##       ##     ## ##     ##       ## ##
     ##       #### ##     ## ######## ########  ##     ##  ######  ########

You're about to initialize a Firebase project in this directory:

  C:\Users\Rafi\Business\Tekmadev\Projects\Web Development\The Esperience\the-esperience

[info] 
=== Project Setup
[info] 
[info] First, let's associate this project directory with a Firebase project.
[info] You can create multiple project aliases by running firebase use --add, 
[info] 
[debug] [2026-04-01T05:35:08.051Z] > command requires scopes: ["email","openid","https://www.googleapis.com/auth/cloudplatformprojects.readonly","https://www.googleapis.com/auth/firebase","https://www.googleapis.com/auth/cloud-platform"]
[debug] [2026-04-01T05:35:08.051Z] > authorizing via signed-in user (rafipatwary3@gmail.com)
[debug] [2026-04-01T05:35:08.052Z] Checked if tokens are valid: true, expires at: 1775025232223
[debug] [2026-04-01T05:35:08.052Z] Checked if tokens are valid: true, expires at: 1775025232223
[debug] [2026-04-01T05:35:08.055Z] >>> [apiv2][query] GET https://firebase.googleapis.com/v1beta1/projects pageSize=100
[debug] [2026-04-01T05:35:08.510Z] <<< [apiv2][status] GET https://firebase.googleapis.com/v1beta1/projects 200
[debug] [2026-04-01T05:35:08.511Z] <<< [apiv2][body] GET https://firebase.googleapis.com/v1beta1/projects [omitted]
[info] 
=== Hosting Setup
[info] 
[debug] [2026-04-01T05:36:34.111Z] ExitPromptError: User force closed the prompt with SIGINT
    at Interface.sigint (C:\Users\Rafi\AppData\Roaming\nvm\v22.1.0\node_modules\firebase-tools\node_modules\@inquirer\core\dist\commonjs\lib\create-prompt.js:101:37)
    at Interface.emit (node:events:520:28)
    at [_ttyWrite] [as _ttyWrite] (node:internal/readline/interface:1125:18)
    at ReadStream.onkeypress (node:internal/readline/interface:264:20)
    at ReadStream.emit (node:events:532:35)
    at emitKeys (node:internal/readline/utils:371:14)
    at emitKeys.next (<anonymous>)
    at ReadStream.onData (node:internal/readline/emitKeypressEvents:64:36)
    at ReadStream.emit (node:events:520:28)
    at addChunk (node:internal/streams/readable:559:12)
[error] 
[error] Error: An unexpected error has occurred.
